[06-Aug-2016 04:19:57 UTC] PHP Catchable fatal error:  Object of class stdClass could not be converted to string in /home/ubuntu/workspace/api/account/login.php on line 24
[06-Aug-2016 04:19:57 UTC] PHP Stack trace:
[06-Aug-2016 04:19:57 UTC] PHP   1. {main}() /home/ubuntu/workspace/api/account/login.php:0
[06-Aug-2016 04:20:20 UTC] PHP Catchable fatal error:  Object of class stdClass could not be converted to string in /home/ubuntu/workspace/api/account/login.php on line 23
[06-Aug-2016 04:20:20 UTC] PHP Stack trace:
[06-Aug-2016 04:20:20 UTC] PHP   1. {main}() /home/ubuntu/workspace/api/account/login.php:0
[06-Aug-2016 04:25:28 UTC] PHP Catchable fatal error:  Object of class mysqli_result could not be converted to string in /home/ubuntu/workspace/api/account/login.php on line 15
[06-Aug-2016 04:25:28 UTC] PHP Stack trace:
[06-Aug-2016 04:25:28 UTC] PHP   1. {main}() /home/ubuntu/workspace/api/account/login.php:0
[06-Aug-2016 04:25:43 UTC] PHP Catchable fatal error:  Object of class mysqli_result could not be converted to string in /home/ubuntu/workspace/api/account/login.php on line 15
[06-Aug-2016 04:25:43 UTC] PHP Stack trace:
[06-Aug-2016 04:25:43 UTC] PHP   1. {main}() /home/ubuntu/workspace/api/account/login.php:0
[06-Aug-2016 04:25:58 UTC] PHP Catchable fatal error:  Object of class mysqli_result could not be converted to string in /home/ubuntu/workspace/api/account/login.php on line 15
[06-Aug-2016 04:25:58 UTC] PHP Stack trace:
[06-Aug-2016 04:25:58 UTC] PHP   1. {main}() /home/ubuntu/workspace/api/account/login.php:0
[06-Aug-2016 04:26:49 UTC] PHP Catchable fatal error:  Object of class mysqli_result could not be converted to string in /home/ubuntu/workspace/api/account/login.php on line 15
[06-Aug-2016 04:26:49 UTC] PHP Stack trace:
[06-Aug-2016 04:26:49 UTC] PHP   1. {main}() /home/ubuntu/workspace/api/account/login.php:0
[06-Aug-2016 04:28:10 UTC] PHP Warning:  mysqli::mysqli(): (HY000/1045): Access denied for user 'm4nf'@'localhost' (using password: NO) in /home/ubuntu/workspace/api/account/login.php on line 8
[06-Aug-2016 04:28:10 UTC] PHP Stack trace:
[06-Aug-2016 04:28:10 UTC] PHP   1. {main}() /home/ubuntu/workspace/api/account/login.php:0
[06-Aug-2016 04:28:10 UTC] PHP   2. mysqli->mysqli() /home/ubuntu/workspace/api/account/login.php:8
[07-Aug-2016 05:41:11 UTC] PHP Fatal error:  Call to undefined function mysqli_fetch() in /home/ubuntu/workspace/api/account/login.php on line 18
[07-Aug-2016 05:41:11 UTC] PHP Stack trace:
[07-Aug-2016 05:41:11 UTC] PHP   1. {main}() /home/ubuntu/workspace/api/account/login.php:0
[07-Aug-2016 05:41:18 UTC] PHP Fatal error:  Call to undefined function mysqli_fetch() in /home/ubuntu/workspace/api/account/login.php on line 18
[07-Aug-2016 05:41:18 UTC] PHP Stack trace:
[07-Aug-2016 05:41:18 UTC] PHP   1. {main}() /home/ubuntu/workspace/api/account/login.php:0
[07-Aug-2016 05:41:36 UTC] PHP Fatal error:  Call to undefined function mysqli_fetch() in /home/ubuntu/workspace/api/account/login.php on line 18
[07-Aug-2016 05:41:36 UTC] PHP Stack trace:
[07-Aug-2016 05:41:36 UTC] PHP   1. {main}() /home/ubuntu/workspace/api/account/login.php:0
[07-Aug-2016 05:42:07 UTC] PHP Warning:  mysqli_num_rows() expects parameter 1 to be mysqli_result, boolean given in /home/ubuntu/workspace/api/account/login.php on line 19
[07-Aug-2016 05:42:07 UTC] PHP Stack trace:
[07-Aug-2016 05:42:07 UTC] PHP   1. {main}() /home/ubuntu/workspace/api/account/login.php:0
[07-Aug-2016 05:42:07 UTC] PHP   2. mysqli_num_rows() /home/ubuntu/workspace/api/account/login.php:19
[07-Aug-2016 06:28:09 UTC] PHP Warning:  mysqli_query() expects parameter 1 to be mysqli, null given in /home/ubuntu/workspace/api/news/news.php on line 15
[07-Aug-2016 06:28:09 UTC] PHP Stack trace:
[07-Aug-2016 06:28:09 UTC] PHP   1. {main}() /home/ubuntu/workspace/api/news/news.php:0
[07-Aug-2016 06:28:09 UTC] PHP   2. mysqli_query() /home/ubuntu/workspace/api/news/news.php:15
[07-Aug-2016 06:28:17 UTC] PHP Warning:  mysqli_query() expects parameter 1 to be mysqli, null given in /home/ubuntu/workspace/api/news/news.php on line 15
[07-Aug-2016 06:28:17 UTC] PHP Stack trace:
[07-Aug-2016 06:28:17 UTC] PHP   1. {main}() /home/ubuntu/workspace/api/news/news.php:0
[07-Aug-2016 06:28:17 UTC] PHP   2. mysqli_query() /home/ubuntu/workspace/api/news/news.php:15
[07-Aug-2016 06:28:30 UTC] PHP Warning:  mysqli_query() expects parameter 1 to be mysqli, null given in /home/ubuntu/workspace/api/news/news.php on line 15
[07-Aug-2016 06:28:30 UTC] PHP Stack trace:
[07-Aug-2016 06:28:30 UTC] PHP   1. {main}() /home/ubuntu/workspace/api/news/news.php:0
[07-Aug-2016 06:28:30 UTC] PHP   2. mysqli_query() /home/ubuntu/workspace/api/news/news.php:15
[07-Aug-2016 06:28:40 UTC] PHP Warning:  mysqli_query() expects parameter 1 to be mysqli, null given in /home/ubuntu/workspace/api/news/news.php on line 15
[07-Aug-2016 06:28:40 UTC] PHP Stack trace:
[07-Aug-2016 06:28:40 UTC] PHP   1. {main}() /home/ubuntu/workspace/api/news/news.php:0
[07-Aug-2016 06:28:40 UTC] PHP   2. mysqli_query() /home/ubuntu/workspace/api/news/news.php:15
[07-Aug-2016 06:28:41 UTC] PHP Warning:  mysqli_query() expects parameter 1 to be mysqli, null given in /home/ubuntu/workspace/api/news/news.php on line 15
[07-Aug-2016 06:28:41 UTC] PHP Stack trace:
[07-Aug-2016 06:28:41 UTC] PHP   1. {main}() /home/ubuntu/workspace/api/news/news.php:0
[07-Aug-2016 06:28:41 UTC] PHP   2. mysqli_query() /home/ubuntu/workspace/api/news/news.php:15
[07-Aug-2016 06:37:49 UTC] PHP Fatal error:  Call to undefined function mysqli_fetch() in /home/ubuntu/workspace/api/news/news.php on line 17
[07-Aug-2016 06:37:49 UTC] PHP Stack trace:
[07-Aug-2016 06:37:49 UTC] PHP   1. {main}() /home/ubuntu/workspace/api/news/news.php:0
[07-Aug-2016 06:39:14 UTC] PHP Warning:  json_decode() expects parameter 1 to be string, array given in /home/ubuntu/workspace/api/news/news.php on line 19
[07-Aug-2016 06:39:14 UTC] PHP Stack trace:
[07-Aug-2016 06:39:14 UTC] PHP   1. {main}() /home/ubuntu/workspace/api/news/news.php:0
[07-Aug-2016 06:39:14 UTC] PHP   2. json_decode() /home/ubuntu/workspace/api/news/news.php:19
[07-Aug-2016 06:39:14 UTC] PHP Warning:  json_decode() expects parameter 1 to be string, array given in /home/ubuntu/workspace/api/news/news.php on line 19
[07-Aug-2016 06:39:14 UTC] PHP Stack trace:
[07-Aug-2016 06:39:14 UTC] PHP   1. {main}() /home/ubuntu/workspace/api/news/news.php:0
[07-Aug-2016 06:39:14 UTC] PHP   2. json_decode() /home/ubuntu/workspace/api/news/news.php:19
[07-Aug-2016 06:40:41 UTC] PHP Warning:  mysql_fetch_assoc() expects parameter 1 to be resource, object given in /home/ubuntu/workspace/api/news/news.php on line 17
[07-Aug-2016 06:40:41 UTC] PHP Stack trace:
[07-Aug-2016 06:40:41 UTC] PHP   1. {main}() /home/ubuntu/workspace/api/news/news.php:0
[07-Aug-2016 06:40:41 UTC] PHP   2. mysql_fetch_assoc() /home/ubuntu/workspace/api/news/news.php:17
[07-Aug-2016 06:40:44 UTC] PHP Warning:  mysql_fetch_assoc() expects parameter 1 to be resource, object given in /home/ubuntu/workspace/api/news/news.php on line 17
[07-Aug-2016 06:40:44 UTC] PHP Stack trace:
[07-Aug-2016 06:40:44 UTC] PHP   1. {main}() /home/ubuntu/workspace/api/news/news.php:0
[07-Aug-2016 06:40:44 UTC] PHP   2. mysql_fetch_assoc() /home/ubuntu/workspace/api/news/news.php:17
[07-Aug-2016 07:03:07 UTC] PHP Warning:  mysqli_fetch_assoc() expects parameter 1 to be mysqli_result, boolean given in /home/ubuntu/workspace/api/account/register.php on line 20
[07-Aug-2016 07:03:07 UTC] PHP Stack trace:
[07-Aug-2016 07:03:07 UTC] PHP   1. {main}() /home/ubuntu/workspace/api/account/register.php:0
[07-Aug-2016 07:03:07 UTC] PHP   2. mysqli_fetch_assoc() /home/ubuntu/workspace/api/account/register.php:20
[07-Aug-2016 07:36:03 UTC] PHP Warning:  mysqli_fetch_assoc() expects parameter 1 to be mysqli_result, boolean given in /home/ubuntu/workspace/api/account/update.php on line 22
[07-Aug-2016 07:36:03 UTC] PHP Stack trace:
[07-Aug-2016 07:36:03 UTC] PHP   1. {main}() /home/ubuntu/workspace/api/account/update.php:0
[07-Aug-2016 07:36:03 UTC] PHP   2. mysqli_fetch_assoc() /home/ubuntu/workspace/api/account/update.php:22
[07-Aug-2016 10:53:18 UTC] PHP Parse error:  syntax error, unexpected 'if' (T_IF) in /home/ubuntu/workspace/api/news/read.php on line 15
[09-Aug-2016 14:32:47 UTC] PHP Fatal error:  Function name must be a string in /home/ubuntu/workspace/api/news/read.php on line 13
[09-Aug-2016 14:32:47 UTC] PHP Stack trace:
[09-Aug-2016 14:32:47 UTC] PHP   1. {main}() /home/ubuntu/workspace/api/news/read.php:0
[09-Aug-2016 14:33:34 UTC] PHP Fatal error:  Cannot use isset() on the result of a function call (you can use "null !== func()" instead) in /home/ubuntu/workspace/api/news/read.php on line 14
[09-Aug-2016 14:36:27 UTC] PHP Fatal error:  Function name must be a string in /home/ubuntu/workspace/api/news/read.php on line 14
[09-Aug-2016 14:36:27 UTC] PHP Stack trace:
[09-Aug-2016 14:36:27 UTC] PHP   1. {main}() /home/ubuntu/workspace/api/news/read.php:0
[09-Aug-2016 14:36:44 UTC] PHP Fatal error:  Function name must be a string in /home/ubuntu/workspace/api/news/read.php on line 14
[09-Aug-2016 14:36:44 UTC] PHP Stack trace:
[09-Aug-2016 14:36:44 UTC] PHP   1. {main}() /home/ubuntu/workspace/api/news/read.php:0
[09-Aug-2016 14:36:52 UTC] PHP Fatal error:  Array callback has to contain indices 0 and 1 in /home/ubuntu/workspace/api/news/read.php on line 14
[09-Aug-2016 14:36:52 UTC] PHP Stack trace:
[09-Aug-2016 14:36:52 UTC] PHP   1. {main}() /home/ubuntu/workspace/api/news/read.php:0
[09-Aug-2016 14:37:12 UTC] PHP Fatal error:  Can't use function return value in write context in /home/ubuntu/workspace/api/news/read.php on line 14
[09-Aug-2016 14:37:23 UTC] PHP Fatal error:  Array callback has to contain indices 0 and 1 in /home/ubuntu/workspace/api/news/read.php on line 14
[09-Aug-2016 14:37:23 UTC] PHP Stack trace:
[09-Aug-2016 14:37:23 UTC] PHP   1. {main}() /home/ubuntu/workspace/api/news/read.php:0
[09-Aug-2016 14:37:26 UTC] PHP Fatal error:  Function name must be a string in /home/ubuntu/workspace/api/news/read.php on line 14
[09-Aug-2016 14:37:26 UTC] PHP Stack trace:
[09-Aug-2016 14:37:26 UTC] PHP   1. {main}() /home/ubuntu/workspace/api/news/read.php:0
[09-Aug-2016 14:38:07 UTC] PHP Fatal error:  Function name must be a string in /home/ubuntu/workspace/api/news/read.php on line 12
[09-Aug-2016 14:38:07 UTC] PHP Stack trace:
[09-Aug-2016 14:38:07 UTC] PHP   1. {main}() /home/ubuntu/workspace/api/news/read.php:0
[09-Aug-2016 14:38:31 UTC] PHP Fatal error:  Array callback has to contain indices 0 and 1 in /home/ubuntu/workspace/api/news/read.php on line 12
[09-Aug-2016 14:38:31 UTC] PHP Stack trace:
[09-Aug-2016 14:38:31 UTC] PHP   1. {main}() /home/ubuntu/workspace/api/news/read.php:0
[09-Aug-2016 14:38:36 UTC] PHP Fatal error:  Array callback has to contain indices 0 and 1 in /home/ubuntu/workspace/api/news/read.php on line 12
[09-Aug-2016 14:38:36 UTC] PHP Stack trace:
[09-Aug-2016 14:38:36 UTC] PHP   1. {main}() /home/ubuntu/workspace/api/news/read.php:0
[09-Aug-2016 14:38:56 UTC] PHP Fatal error:  Array callback has to contain indices 0 and 1 in /home/ubuntu/workspace/api/news/read.php on line 13
[09-Aug-2016 14:38:56 UTC] PHP Stack trace:
[09-Aug-2016 14:38:56 UTC] PHP   1. {main}() /home/ubuntu/workspace/api/news/read.php:0
[09-Aug-2016 14:38:59 UTC] PHP Fatal error:  Array callback has to contain indices 0 and 1 in /home/ubuntu/workspace/api/news/read.php on line 13
[09-Aug-2016 14:38:59 UTC] PHP Stack trace:
[09-Aug-2016 14:38:59 UTC] PHP   1. {main}() /home/ubuntu/workspace/api/news/read.php:0
[09-Aug-2016 14:39:02 UTC] PHP Fatal error:  Array callback has to contain indices 0 and 1 in /home/ubuntu/workspace/api/news/read.php on line 13
[09-Aug-2016 14:39:02 UTC] PHP Stack trace:
[09-Aug-2016 14:39:02 UTC] PHP   1. {main}() /home/ubuntu/workspace/api/news/read.php:0
[09-Aug-2016 14:40:04 UTC] PHP Fatal error:  Function name must be a string in /home/ubuntu/workspace/api/news/read.php on line 13
[09-Aug-2016 14:40:04 UTC] PHP Stack trace:
[09-Aug-2016 14:40:04 UTC] PHP   1. {main}() /home/ubuntu/workspace/api/news/read.php:0
[09-Aug-2016 14:41:12 UTC] PHP Fatal error:  Array callback has to contain indices 0 and 1 in /home/ubuntu/workspace/api/news/read.php on line 14
[09-Aug-2016 14:41:12 UTC] PHP Stack trace:
[09-Aug-2016 14:41:12 UTC] PHP   1. {main}() /home/ubuntu/workspace/api/news/read.php:0
[09-Aug-2016 14:41:20 UTC] PHP Fatal error:  Array callback has to contain indices 0 and 1 in /home/ubuntu/workspace/api/news/read.php on line 14
[09-Aug-2016 14:41:20 UTC] PHP Stack trace:
[09-Aug-2016 14:41:20 UTC] PHP   1. {main}() /home/ubuntu/workspace/api/news/read.php:0
